<?xml version="1.0" encoding="UTF-8"?>
<!-- Generated by org.testng.reporters.JUnitXMLReporter -->
<testsuite hostname="DESKTOP-IV356SL" name="Tests" tests="4" failures="0" timestamp="6 Feb 2017 20:19:25 GMT" time="29.712" errors="0">
  <testcase name="logInTest" time="14.704" classname="com.eleks.emaildemo.tests.LogInTest"/>
  <testcase name="logInTest" time="2.352" classname="com.eleks.emaildemo.tests.LogInNegativeTest"/>
  <testcase name="logInWithWorngPasswordTest" time="4.688" classname="com.eleks.emaildemo.tests.LogInWrongPasswordTest"/>
  <testcase name="readMailTest" time="7.953" classname="com.eleks.emaildemo.tests.ReadMailTest"/>
</testsuite> <!-- Tests -->
